[17:19:04] [main/INFO]: Setting user: Player373
[17:19:26] [Client thread/INFO]: LWJGL Version: 2.9.1
[17:21:03] [Client thread/INFO]: Reloading ResourceManager: Default, FMLFileResourcePack:Forge Mod Loader, FMLFileResourcePack:Minecraft Forge, FMLFileResourcePack:Cactus Mod
[17:21:24] [Sound Library Loader/INFO]: Sound engine started
[17:21:42] [Client thread/INFO]: Created: 512x256 textures/blocks-atlas
[17:21:42] [Client thread/INFO]: Created: 256x256 textures/items-atlas
[17:21:43] [Client thread/INFO]: Reloading ResourceManager: Default, FMLFileResourcePack:Forge Mod Loader, FMLFileResourcePack:Minecraft Forge, FMLFileResourcePack:Cactus Mod
[17:21:43] [Client thread/INFO]: Created: 256x256 textures/items-atlas
[17:21:44] [Client thread/INFO]: Created: 512x256 textures/blocks-atlas
[17:21:45] [Sound Library Loader/INFO]: Sound engine started
[17:22:01] [Server thread/INFO]: Starting integrated minecraft server version 1.7.10
[17:22:01] [Server thread/INFO]: Generating keypair
[17:22:04] [Server thread/INFO]: Preparing start region for level 0
[17:22:05] [Server thread/INFO]: Preparing spawn area: 0%
[17:22:06] [Server thread/INFO]: Preparing spawn area: 16%
[17:22:06] [Server thread/WARN]: Skipping BlockEntity with id Cactus Furnace
[17:22:06] [Server thread/WARN]: Skipping BlockEntity with id Cactus Furnace
[17:22:06] [Server thread/WARN]: Skipping BlockEntity with id Cactus Furnace
[17:22:07] [Server thread/INFO]: Preparing spawn area: 64%
[17:22:08] [Server thread/INFO]: Changing view distance to 6, from 10
[17:22:09] [Server thread/INFO]: Player373[local:E:29438983] logged in with entity id 154 at (1197.5625707242739, 64.0, 1421.699999988079)
[17:22:09] [Server thread/INFO]: Player373 joined the game
[17:22:11] [Server thread/WARN]: Can't keep up! Did the system time change, or is the server overloaded? Running 2847ms behind, skipping 56 tick(s)
[17:25:48] [Server thread/INFO]: Player373 has just earned the achievement [Taking Inventory]
[17:25:48] [Client thread/INFO]: [CHAT] Player373 has just earned the achievement [Taking Inventory]
[17:28:24] [Server thread/INFO]: Saving and pausing game...
[17:28:24] [Server thread/INFO]: Saving chunks for level 'New World'/Overworld
[17:28:24] [Server thread/INFO]: Saving chunks for level 'New World'/Nether
[17:28:24] [Server thread/INFO]: Saving chunks for level 'New World'/The End
[17:28:25] [Server thread/INFO]: Stopping server
[17:28:25] [Server thread/INFO]: Saving players
[17:28:25] [Server thread/INFO]: Saving worlds
[17:28:25] [Server thread/INFO]: Saving chunks for level 'New World'/Overworld
[17:28:25] [Server thread/INFO]: Saving chunks for level 'New World'/Nether
[17:28:25] [Server thread/INFO]: Saving chunks for level 'New World'/The End
[17:28:27] [Client thread/INFO]: Stopping!
